<?xml version="1.0" encoding="UTF-8"?>
<testng-results ignored="0" total="1" passed="1" failed="0" skipped="0">
  <reporter-output>
  </reporter-output>
  <suite started-at="2021-08-24T09:19:08 CEST" name="Default suite" finished-at="2021-08-24T09:19:16 CEST" duration-ms="8559">
    <groups>
    </groups>
    <test started-at="2021-08-24T09:19:08 CEST" name="Default test" finished-at="2021-08-24T09:19:16 CEST" duration-ms="8559">
      <class name="levels.LevelsRemoteWebDriver">
        <test-method is-config="true" signature="initialize()[pri:0, instance:levels.LevelsRemoteWebDriver@6404f418]" started-at="2021-08-24T09:19:08 CEST" name="initialize" finished-at="2021-08-24T09:19:09 CEST" duration-ms="1617" status="PASS">
          <reporter-output>
          </reporter-output>
        </test-method> <!-- initialize -->
        <test-method signature="testLevels()[pri:0, instance:levels.LevelsRemoteWebDriver@6404f418]" started-at="2021-08-24T09:19:09 CEST" name="testLevels" finished-at="2021-08-24T09:19:16 CEST" duration-ms="6901" status="PASS">
          <reporter-output>
          </reporter-output>
        </test-method> <!-- testLevels -->
      </class> <!-- levels.LevelsRemoteWebDriver -->
    </test> <!-- Default test -->
  </suite> <!-- Default suite -->
</testng-results>
